  camera.cpp
  collision.cpp
  debugproc.cpp
  effect.cpp
  Enemy.cpp
Enemy.cpp(126): warning C4101: 'nNumVtx': ローカル変数は 1 度も使われていません。
Enemy.cpp(127): warning C4101: 'dwSizeFVF': ローカル変数は 1 度も使われていません。
Enemy.cpp(128): warning C4101: 'pVtxBuff': ローカル変数は 1 度も使われていません。
  game.cpp
  input.cpp
  main.cpp
  model.cpp
  object.cpp
  particle.cpp
  pause.cpp
  player.cpp
  point.cpp
  point_log.cpp
  result.cpp
  sound.cpp
  time.cpp
time.cpp(316): warning C4244: '=': 'double' から 'int' への変換です。データが失われる可能性があります。
time.cpp(317): warning C4244: '=': 'double' から 'int' への変換です。データが失われる可能性があります。
time.cpp(340): warning C4244: '=': 'double' から 'int' への変換です。データが失われる可能性があります。
time.cpp(341): warning C4244: '=': 'double' から 'int' への変換です。データが失われる可能性があります。
time.cpp(488): warning C4244: '=': 'double' から 'int' への変換です。データが失われる可能性があります。
time.cpp(489): warning C4244: '=': 'double' から 'int' への変換です。データが失われる可能性があります。
time.cpp(506): warning C4244: '=': 'double' から 'int' への変換です。データが失われる可能性があります。
time.cpp(507): warning C4244: '=': 'double' から 'int' への変換です。データが失われる可能性があります。
  title.cpp
  tutorial.cpp
  コード生成しています。
  140 of 235 functions (59.6%) were compiled, the rest were copied from previous compilation.
    49 functions were new in current compilation
    37 functions had inline decision re-evaluated but remain unchanged
  コード生成が終了しました。
  kiso.vcxproj -> C:\Users\student\Desktop\Hakkason_T`s\Hakkason_T-s\kiso.exe
  kiso.vcxproj -> C:\Users\student\Desktop\Hakkason_T`s\Hakkason_T-s\kiso.pdb (Full PDB)
